2014-02-21 14:23:44.361 Workshop[54365:a0b] Multi-tasking -> Device: YES, App: YES
2014-02-21 14:23:44.370 Workshop[54365:a0b] Unlimited access to network resources
2014-02-21 14:23:44.477 Workshop[54365:a0b] Resetting plugins due to page load.
2014-02-21 14:23:44.577 Workshop[54365:a0b] Finished load of: file:///Users/tharman/Library/Application%20Support/iPhone%20Simulator/7.0.3/Applications/07DEE98B-7C78-47AA-8D5D-0E075A89F1B1/Workshop.app/www/index.html
2014-02-21 14:23:44.601 Workshop[54365:a0b] Received Event: deviceready
2014-02-21 16:00:24.439 Workshop[58165:a0b] Multi-tasking -> Device: YES, App: YES
2014-02-21 16:00:24.450 Workshop[58165:a0b] Unlimited access to network resources
2014-02-21 16:00:24.562 Workshop[58165:a0b] Resetting plugins due to page load.
2014-02-21 16:00:24.631 Workshop[58165:a0b] Finished load of: file:///Users/tharman/Library/Application%20Support/iPhone%20Simulator/7.0.3/Applications/07DEE98B-7C78-47AA-8D5D-0E075A89F1B1/Workshop.app/www/index.html
2014-02-21 16:00:24.655 Workshop[58165:a0b] Received Event: deviceready
Terminating in response to SpringBoard's termination.
<<<<<<< HEAD
2014-02-21 17:18:23.189 Workshop[60670:a0b] Multi-tasking -> Device: YES, App: YES
2014-02-21 17:18:23.220 Workshop[60670:a0b] Unlimited access to network resources
2014-02-21 17:18:23.590 Workshop[60670:a0b] Resetting plugins due to page load.
2014-02-21 17:18:23.757 Workshop[60670:a0b] Finished load of: file:///Users/tharman/Library/Application%20Support/iPhone%20Simulator/7.0.3/Applications/07DEE98B-7C78-47AA-8D5D-0E075A89F1B1/Workshop.app/www/index.html
2014-02-21 17:23:04.659 Workshop[60893:a0b] Multi-tasking -> Device: YES, App: YES
2014-02-21 17:23:04.670 Workshop[60893:a0b] Unlimited access to network resources
2014-02-21 17:23:04.787 Workshop[60893:a0b] Resetting plugins due to page load.
2014-02-21 17:23:04.845 Workshop[60893:a0b] Finished load of: file:///Users/tharman/Library/Application%20Support/iPhone%20Simulator/7.0.3/Applications/07DEE98B-7C78-47AA-8D5D-0E075A89F1B1/Workshop.app/www/index.html
2014-02-21 17:23:32.146 Workshop[61043:a0b] Multi-tasking -> Device: YES, App: YES
2014-02-21 17:23:32.157 Workshop[61043:a0b] Unlimited access to network resources
2014-02-21 17:23:32.274 Workshop[61043:a0b] Resetting plugins due to page load.
2014-02-21 17:23:32.336 Workshop[61043:a0b] Finished load of: file:///Users/tharman/Library/Application%20Support/iPhone%20Simulator/7.0.3/Applications/07DEE98B-7C78-47AA-8D5D-0E075A89F1B1/Workshop.app/www/index.html
=======
2014-02-21 16:05:27.533 Workshop[45446:a0b] Multi-tasking -> Device: YES, App: YES
2014-02-21 16:05:27.543 Workshop[45446:a0b] Unlimited access to network resources
2014-02-21 16:05:27.679 Workshop[45446:a0b] Resetting plugins due to page load.
2014-02-21 16:05:27.777 Workshop[45446:a0b] Finished load of: file:///Users/jcraig/Library/Application%20Support/iPhone%20Simulator/7.0.3/Applications/5EB5C861-9707-46D4-B724-F4E8575513A0/Workshop.app/www/index.html
2014-02-21 16:05:27.814 Workshop[45446:a0b] Received Event: deviceready
<<<<<<< HEAD
2014-02-21 16:28:43.122 Workshop[46239:a0b] Multi-tasking -> Device: YES, App: YES
2014-02-21 16:28:43.133 Workshop[46239:a0b] Unlimited access to network resources
2014-02-21 16:28:43.258 Workshop[46239:a0b] Resetting plugins due to page load.
2014-02-21 16:28:43.318 Workshop[46239:a0b] Finished load of: file:///Users/jcraig/Library/Application%20Support/iPhone%20Simulator/7.0.3/Applications/5EB5C861-9707-46D4-B724-F4E8575513A0/Workshop.app/www/index.html
2014-02-21 16:28:43.352 Workshop[46239:a0b] Received Event: deviceready
=======
>>>>>>> 568a1cd5aa317b294fef977ca1cc7f68fea5d08c
2014-02-21 17:52:48.489 Workshop[62053:a0b] Multi-tasking -> Device: YES, App: YES
2014-02-21 17:52:48.499 Workshop[62053:a0b] Unlimited access to network resources
2014-02-21 17:52:48.616 Workshop[62053:a0b] Resetting plugins due to page load.
2014-02-21 17:52:48.671 Workshop[62053:a0b] Finished load of: file:///Users/tharman/Library/Application%20Support/iPhone%20Simulator/7.0.3/Applications/07DEE98B-7C78-47AA-8D5D-0E075A89F1B1/Workshop.app/www/index.html
2014-02-21 17:52:55.927 Workshop[62053:a0b] Resetting plugins due to page load.
2014-02-21 17:52:55.942 Workshop[62053:a0b] Finished load of: file:///Users/tharman/Library/Application%20Support/iPhone%20Simulator/7.0.3/Applications/07DEE98B-7C78-47AA-8D5D-0E075A89F1B1/Workshop.app/www/rate.html
2014-02-21 17:53:01.196 Workshop[62053:a0b] Resetting plugins due to page load.
2014-02-21 17:53:01.212 Workshop[62053:a0b] Finished load of: file:///Users/tharman/Library/Application%20Support/iPhone%20Simulator/7.0.3/Applications/07DEE98B-7C78-47AA-8D5D-0E075A89F1B1/Workshop.app/www/review.html
>>>>>>> 6755456c1a914860c31057c0c16f1a90b7b51329
2014-02-21 18:44:59.882 Workshop[63995:a0b] Multi-tasking -> Device: YES, App: YES
2014-02-21 18:44:59.892 Workshop[63995:a0b] Unlimited access to network resources
2014-02-21 18:45:00.010 Workshop[63995:a0b] Resetting plugins due to page load.
2014-02-21 18:45:00.130 Workshop[63995:a0b] Finished load of: file:///Users/rnahar/Library/Application%20Support/iPhone%20Simulator/7.0.3/Applications/D6612F59-AFBB-4CAD-9AE1-D957625E90FA/Workshop.app/www/index.html
2014-02-21 18:45:49.944 Workshop[63995:a0b] Resetting plugins due to page load.
2014-02-21 18:45:49.959 Workshop[63995:a0b] Finished load of: file:///Users/rnahar/Library/Application%20Support/iPhone%20Simulator/7.0.3/Applications/D6612F59-AFBB-4CAD-9AE1-D957625E90FA/Workshop.app/www/rate.html
2014-02-21 18:45:51.289 Workshop[63995:a0b] Resetting plugins due to page load.
2014-02-21 18:45:51.312 Workshop[63995:a0b] Finished load of: file:///Users/rnahar/Library/Application%20Support/iPhone%20Simulator/7.0.3/Applications/D6612F59-AFBB-4CAD-9AE1-D957625E90FA/Workshop.app/www/review.html
2014-02-21 18:53:22.628 Workshop[64232:a0b] Multi-tasking -> Device: YES, App: YES
2014-02-21 18:53:22.638 Workshop[64232:a0b] Unlimited access to network resources
2014-02-21 18:53:22.740 Workshop[64232:a0b] Resetting plugins due to page load.
2014-02-21 18:53:22.792 Workshop[64232:a0b] Finished load of: file:///Users/rnahar/Library/Application%20Support/iPhone%20Simulator/7.0.3/Applications/D6612F59-AFBB-4CAD-9AE1-D957625E90FA/Workshop.app/www/index.html
2014-02-21 18:53:37.063 Workshop[64232:a0b] Resetting plugins due to page load.
2014-02-21 18:53:37.080 Workshop[64232:a0b] Finished load of: file:///Users/rnahar/Library/Application%20Support/iPhone%20Simulator/7.0.3/Applications/D6612F59-AFBB-4CAD-9AE1-D957625E90FA/Workshop.app/www/rate.html
2014-02-21 18:53:37.689 Workshop[64232:a0b] Resetting plugins due to page load.
2014-02-21 18:53:37.707 Workshop[64232:a0b] Finished load of: file:///Users/rnahar/Library/Application%20Support/iPhone%20Simulator/7.0.3/Applications/D6612F59-AFBB-4CAD-9AE1-D957625E90FA/Workshop.app/www/review.html
2014-02-21 18:53:48.937 Workshop[64373:a0b] Multi-tasking -> Device: YES, App: YES
2014-02-21 18:53:48.948 Workshop[64373:a0b] Unlimited access to network resources
2014-02-21 18:53:49.058 Workshop[64373:a0b] Resetting plugins due to page load.
2014-02-21 18:53:49.106 Workshop[64373:a0b] Finished load of: file:///Users/rnahar/Library/Application%20Support/iPhone%20Simulator/7.0.3/Applications/D6612F59-AFBB-4CAD-9AE1-D957625E90FA/Workshop.app/www/index.html
2014-02-21 18:53:51.097 Workshop[64373:a0b] Resetting plugins due to page load.
2014-02-21 18:53:51.112 Workshop[64373:a0b] Finished load of: file:///Users/rnahar/Library/Application%20Support/iPhone%20Simulator/7.0.3/Applications/D6612F59-AFBB-4CAD-9AE1-D957625E90FA/Workshop.app/www/rate.html
2014-02-21 18:53:51.826 Workshop[64373:a0b] Resetting plugins due to page load.
2014-02-21 18:53:51.844 Workshop[64373:a0b] Finished load of: file:///Users/rnahar/Library/Application%20Support/iPhone%20Simulator/7.0.3/Applications/D6612F59-AFBB-4CAD-9AE1-D957625E90FA/Workshop.app/www/review.html
2014-02-21 18:55:58.676 Workshop[64545:a0b] Multi-tasking -> Device: YES, App: YES
2014-02-21 18:55:58.687 Workshop[64545:a0b] Unlimited access to network resources
2014-02-21 18:55:58.798 Workshop[64545:a0b] Resetting plugins due to page load.
2014-02-21 18:55:58.854 Workshop[64545:a0b] Finished load of: file:///Users/rnahar/Library/Application%20Support/iPhone%20Simulator/7.0.3/Applications/D6612F59-AFBB-4CAD-9AE1-D957625E90FA/Workshop.app/www/index.html
2014-02-21 18:56:05.140 Workshop[64545:a0b] Resetting plugins due to page load.
2014-02-21 18:56:05.155 Workshop[64545:a0b] Finished load of: file:///Users/rnahar/Library/Application%20Support/iPhone%20Simulator/7.0.3/Applications/D6612F59-AFBB-4CAD-9AE1-D957625E90FA/Workshop.app/www/rate.html
2014-02-21 18:56:05.605 Workshop[64545:a0b] Resetting plugins due to page load.
2014-02-21 18:56:05.621 Workshop[64545:a0b] Finished load of: file:///Users/rnahar/Library/Application%20Support/iPhone%20Simulator/7.0.3/Applications/D6612F59-AFBB-4CAD-9AE1-D957625E90FA/Workshop.app/www/review.html
2014-02-21 18:56:39.133 Workshop[64696:a0b] Multi-tasking -> Device: YES, App: YES
2014-02-21 18:56:39.142 Workshop[64696:a0b] Unlimited access to network resources
2014-02-21 18:56:39.261 Workshop[64696:a0b] Resetting plugins due to page load.
2014-02-21 18:56:39.321 Workshop[64696:a0b] Finished load of: file:///Users/rnahar/Library/Application%20Support/iPhone%20Simulator/7.0.3/Applications/D6612F59-AFBB-4CAD-9AE1-D957625E90FA/Workshop.app/www/index.html
2014-02-21 19:02:31.621 Workshop[64913:a0b] Multi-tasking -> Device: YES, App: YES
2014-02-21 19:02:31.632 Workshop[64913:a0b] Unlimited access to network resources
2014-02-21 19:02:31.763 Workshop[64913:a0b] Resetting plugins due to page load.
2014-02-21 19:02:31.835 Workshop[64913:a0b] Finished load of: file:///Users/rnahar/Library/Application%20Support/iPhone%20Simulator/7.0.3/Applications/D6612F59-AFBB-4CAD-9AE1-D957625E90FA/Workshop.app/www/index.html
2014-02-21 19:02:36.871 Workshop[64913:a0b] Resetting plugins due to page load.
2014-02-21 19:02:36.885 Workshop[64913:a0b] Finished load of: file:///Users/rnahar/Library/Application%20Support/iPhone%20Simulator/7.0.3/Applications/D6612F59-AFBB-4CAD-9AE1-D957625E90FA/Workshop.app/www/rate.html
2014-02-21 19:02:37.736 Workshop[64913:a0b] Resetting plugins due to page load.
2014-02-21 19:02:37.759 Workshop[64913:a0b] Finished load of: file:///Users/rnahar/Library/Application%20Support/iPhone%20Simulator/7.0.3/Applications/D6612F59-AFBB-4CAD-9AE1-D957625E90FA/Workshop.app/www/review.html
2014-02-21 19:04:25.636 Workshop[65084:a0b] Multi-tasking -> Device: YES, App: YES
2014-02-21 19:04:25.646 Workshop[65084:a0b] Unlimited access to network resources
2014-02-21 19:04:25.768 Workshop[65084:a0b] Resetting plugins due to page load.
2014-02-21 19:04:25.820 Workshop[65084:a0b] Finished load of: file:///Users/rnahar/Library/Application%20Support/iPhone%20Simulator/7.0.3/Applications/D6612F59-AFBB-4CAD-9AE1-D957625E90FA/Workshop.app/www/index.html
2014-02-21 19:04:33.965 Workshop[65084:a0b] Resetting plugins due to page load.
2014-02-21 19:04:33.981 Workshop[65084:a0b] Finished load of: file:///Users/rnahar/Library/Application%20Support/iPhone%20Simulator/7.0.3/Applications/D6612F59-AFBB-4CAD-9AE1-D957625E90FA/Workshop.app/www/rate.html
2014-02-21 19:04:34.717 Workshop[65084:a0b] Resetting plugins due to page load.
2014-02-21 19:04:34.738 Workshop[65084:a0b] Finished load of: file:///Users/rnahar/Library/Application%20Support/iPhone%20Simulator/7.0.3/Applications/D6612F59-AFBB-4CAD-9AE1-D957625E90FA/Workshop.app/www/review.html
2014-02-21 19:06:01.117 Workshop[65251:a0b] Multi-tasking -> Device: YES, App: YES
2014-02-21 19:06:01.128 Workshop[65251:a0b] Unlimited access to network resources
2014-02-21 19:06:01.246 Workshop[65251:a0b] Resetting plugins due to page load.
2014-02-21 19:06:01.295 Workshop[65251:a0b] Finished load of: file:///Users/rnahar/Library/Application%20Support/iPhone%20Simulator/7.0.3/Applications/D6612F59-AFBB-4CAD-9AE1-D957625E90FA/Workshop.app/www/index.html
2014-02-21 19:06:22.206 Workshop[65251:a0b] Resetting plugins due to page load.
2014-02-21 19:06:22.226 Workshop[65251:a0b] Finished load of: file:///Users/rnahar/Library/Application%20Support/iPhone%20Simulator/7.0.3/Applications/D6612F59-AFBB-4CAD-9AE1-D957625E90FA/Workshop.app/www/rate.html
2014-02-21 19:06:23.143 Workshop[65251:a0b] Resetting plugins due to page load.
2014-02-21 19:06:23.162 Workshop[65251:a0b] Finished load of: file:///Users/rnahar/Library/Application%20Support/iPhone%20Simulator/7.0.3/Applications/D6612F59-AFBB-4CAD-9AE1-D957625E90FA/Workshop.app/www/review.html
2014-02-21 19:07:04.089 Workshop[65425:a0b] Multi-tasking -> Device: YES, App: YES
2014-02-21 19:07:04.099 Workshop[65425:a0b] Unlimited access to network resources
2014-02-21 19:07:04.225 Workshop[65425:a0b] Resetting plugins due to page load.
2014-02-21 19:07:04.286 Workshop[65425:a0b] Finished load of: file:///Users/rnahar/Library/Application%20Support/iPhone%20Simulator/7.0.3/Applications/D6612F59-AFBB-4CAD-9AE1-D957625E90FA/Workshop.app/www/index.html
2014-02-21 19:07:10.146 Workshop[65425:a0b] Resetting plugins due to page load.
2014-02-21 19:07:10.164 Workshop[65425:a0b] Finished load of: file:///Users/rnahar/Library/Application%20Support/iPhone%20Simulator/7.0.3/Applications/D6612F59-AFBB-4CAD-9AE1-D957625E90FA/Workshop.app/www/rate.html
2014-02-21 19:07:11.090 Workshop[65425:a0b] Resetting plugins due to page load.
2014-02-21 19:07:11.107 Workshop[65425:a0b] Finished load of: file:///Users/rnahar/Library/Application%20Support/iPhone%20Simulator/7.0.3/Applications/D6612F59-AFBB-4CAD-9AE1-D957625E90FA/Workshop.app/www/review.html
2014-02-21 19:18:34.319 Workshop[65823:a0b] Multi-tasking -> Device: YES, App: YES
2014-02-21 19:18:34.329 Workshop[65823:a0b] Unlimited access to network resources
2014-02-21 19:18:34.432 Workshop[65823:a0b] Resetting plugins due to page load.
2014-02-21 19:18:34.488 Workshop[65823:a0b] Finished load of: file:///Users/rnahar/Library/Application%20Support/iPhone%20Simulator/7.0.3/Applications/D6612F59-AFBB-4CAD-9AE1-D957625E90FA/Workshop.app/www/index.html
2014-02-21 19:18:41.436 Workshop[65823:a0b] Resetting plugins due to page load.
2014-02-21 19:18:41.449 Workshop[65823:a0b] Finished load of: file:///Users/rnahar/Library/Application%20Support/iPhone%20Simulator/7.0.3/Applications/D6612F59-AFBB-4CAD-9AE1-D957625E90FA/Workshop.app/www/rate.html
2014-02-21 19:18:42.319 Workshop[65823:a0b] Resetting plugins due to page load.
2014-02-21 19:18:42.336 Workshop[65823:a0b] Finished load of: file:///Users/rnahar/Library/Application%20Support/iPhone%20Simulator/7.0.3/Applications/D6612F59-AFBB-4CAD-9AE1-D957625E90FA/Workshop.app/www/review.html
2014-02-21 19:19:28.934 Workshop[65979:a0b] Multi-tasking -> Device: YES, App: YES
2014-02-21 19:19:28.944 Workshop[65979:a0b] Unlimited access to network resources
2014-02-21 19:19:29.053 Workshop[65979:a0b] Resetting plugins due to page load.
2014-02-21 19:19:29.104 Workshop[65979:a0b] Finished load of: file:///Users/rnahar/Library/Application%20Support/iPhone%20Simulator/7.0.3/Applications/D6612F59-AFBB-4CAD-9AE1-D957625E90FA/Workshop.app/www/index.html
2014-02-21 19:19:40.963 Workshop[66126:a0b] Multi-tasking -> Device: YES, App: YES
2014-02-21 19:19:40.974 Workshop[66126:a0b] Unlimited access to network resources
2014-02-21 19:19:41.091 Workshop[66126:a0b] Resetting plugins due to page load.
2014-02-21 19:19:41.152 Workshop[66126:a0b] Finished load of: file:///Users/rnahar/Library/Application%20Support/iPhone%20Simulator/7.0.3/Applications/D6612F59-AFBB-4CAD-9AE1-D957625E90FA/Workshop.app/www/index.html
2014-02-21 19:22:23.905 Workshop[66303:a0b] Multi-tasking -> Device: YES, App: YES
2014-02-21 19:22:23.913 Workshop[66303:a0b] Unlimited access to network resources
2014-02-21 19:22:24.022 Workshop[66303:a0b] Resetting plugins due to page load.
2014-02-21 19:22:24.076 Workshop[66303:a0b] Finished load of: file:///Users/rnahar/Library/Application%20Support/iPhone%20Simulator/7.0.3/Applications/D6612F59-AFBB-4CAD-9AE1-D957625E90FA/Workshop.app/www/index.html
2014-02-21 19:22:31.546 Workshop[66303:a0b] Resetting plugins due to page load.
2014-02-21 19:22:31.551 Workshop[66303:a0b] Finished load of: file:///Users/rnahar/Library/Application%20Support/iPhone%20Simulator/7.0.3/Applications/D6612F59-AFBB-4CAD-9AE1-D957625E90FA/Workshop.app/www/twitter.html
2014-02-21 19:23:40.911 Workshop[66466:a0b] Multi-tasking -> Device: YES, App: YES
2014-02-21 19:23:40.922 Workshop[66466:a0b] Unlimited access to network resources
2014-02-21 19:23:41.035 Workshop[66466:a0b] Resetting plugins due to page load.
2014-02-21 19:23:41.091 Workshop[66466:a0b] Finished load of: file:///Users/rnahar/Library/Application%20Support/iPhone%20Simulator/7.0.3/Applications/D6612F59-AFBB-4CAD-9AE1-D957625E90FA/Workshop.app/www/index.html
2014-02-21 19:23:57.815 Workshop[66466:a0b] Resetting plugins due to page load.
2014-02-21 19:23:57.821 Workshop[66466:a0b] Finished load of: file:///Users/rnahar/Library/Application%20Support/iPhone%20Simulator/7.0.3/Applications/D6612F59-AFBB-4CAD-9AE1-D957625E90FA/Workshop.app/www/twitter.html
2014-02-21 19:24:02.986 Workshop[66466:a0b] Resetting plugins due to page load.
2014-02-21 19:24:02.990 Workshop[66466:a0b] Finished load of: file:///Users/rnahar/Library/Application%20Support/iPhone%20Simulator/7.0.3/Applications/D6612F59-AFBB-4CAD-9AE1-D957625E90FA/Workshop.app/www/twitter.html?
2014-02-21 19:24:05.241 Workshop[66466:a0b] Resetting plugins due to page load.
2014-02-21 19:24:05.244 Workshop[66466:a0b] Finished load of: file:///Users/rnahar/Library/Application%20Support/iPhone%20Simulator/7.0.3/Applications/D6612F59-AFBB-4CAD-9AE1-D957625E90FA/Workshop.app/www/twitter.html?
2014-02-21 19:25:22.267 Workshop[66636:a0b] Multi-tasking -> Device: YES, App: YES
2014-02-21 19:25:22.278 Workshop[66636:a0b] Unlimited access to network resources
2014-02-21 19:25:22.396 Workshop[66636:a0b] Resetting plugins due to page load.
2014-02-21 19:25:22.456 Workshop[66636:a0b] Finished load of: file:///Users/rnahar/Library/Application%20Support/iPhone%20Simulator/7.0.3/Applications/D6612F59-AFBB-4CAD-9AE1-D957625E90FA/Workshop.app/www/index.html
2014-02-21 19:25:33.815 Workshop[66636:a0b] Resetting plugins due to page load.
2014-02-21 19:25:33.821 Workshop[66636:a0b] Finished load of: file:///Users/rnahar/Library/Application%20Support/iPhone%20Simulator/7.0.3/Applications/D6612F59-AFBB-4CAD-9AE1-D957625E90FA/Workshop.app/www/twitter.html
2014-02-21 19:25:36.412 Workshop[66636:a0b] Resetting plugins due to page load.
2014-02-21 19:25:36.415 Workshop[66636:a0b] Finished load of: file:///Users/rnahar/Library/Application%20Support/iPhone%20Simulator/7.0.3/Applications/D6612F59-AFBB-4CAD-9AE1-D957625E90FA/Workshop.app/www/twitter.html?
2014-02-21 19:25:37.549 Workshop[66636:a0b] Resetting plugins due to page load.
2014-02-21 19:25:37.553 Workshop[66636:a0b] Finished load of: file:///Users/rnahar/Library/Application%20Support/iPhone%20Simulator/7.0.3/Applications/D6612F59-AFBB-4CAD-9AE1-D957625E90FA/Workshop.app/www/twitter.html?
2014-02-21 19:25:38.777 Workshop[66636:a0b] Resetting plugins due to page load.
2014-02-21 19:25:38.781 Workshop[66636:a0b] Finished load of: file:///Users/rnahar/Library/Application%20Support/iPhone%20Simulator/7.0.3/Applications/D6612F59-AFBB-4CAD-9AE1-D957625E90FA/Workshop.app/www/twitter.html?
2014-02-21 19:26:00.190 Workshop[66791:a0b] Multi-tasking -> Device: YES, App: YES
2014-02-21 19:26:00.200 Workshop[66791:a0b] Unlimited access to network resources
2014-02-21 19:26:00.312 Workshop[66791:a0b] Resetting plugins due to page load.
2014-02-21 19:26:00.367 Workshop[66791:a0b] Finished load of: file:///Users/rnahar/Library/Application%20Support/iPhone%20Simulator/7.0.3/Applications/D6612F59-AFBB-4CAD-9AE1-D957625E90FA/Workshop.app/www/index.html
2014-02-21 19:26:08.900 Workshop[66791:a0b] Resetting plugins due to page load.
2014-02-21 19:26:08.907 Workshop[66791:a0b] Finished load of: file:///Users/rnahar/Library/Application%20Support/iPhone%20Simulator/7.0.3/Applications/D6612F59-AFBB-4CAD-9AE1-D957625E90FA/Workshop.app/www/twitter.html
2014-02-21 19:26:11.614 Workshop[66791:a0b] Resetting plugins due to page load.
2014-02-21 19:26:11.615 Workshop[66791:a0b] Failed to load webpage with error: The requested URL was not found on this server.
2014-02-21 19:26:13.588 Workshop[66791:a0b] Resetting plugins due to page load.
2014-02-21 19:26:13.589 Workshop[66791:a0b] Failed to load webpage with error: The requested URL was not found on this server.
2014-02-21 19:26:35.208 Workshop[66945:a0b] Multi-tasking -> Device: YES, App: YES
2014-02-21 19:26:35.218 Workshop[66945:a0b] Unlimited access to network resources
2014-02-21 19:26:35.334 Workshop[66945:a0b] Resetting plugins due to page load.
2014-02-21 19:26:35.403 Workshop[66945:a0b] Finished load of: file:///Users/rnahar/Library/Application%20Support/iPhone%20Simulator/7.0.3/Applications/D6612F59-AFBB-4CAD-9AE1-D957625E90FA/Workshop.app/www/index.html
2014-02-21 19:26:38.271 Workshop[66945:a0b] Resetting plugins due to page load.
2014-02-21 19:26:38.277 Workshop[66945:a0b] Finished load of: file:///Users/rnahar/Library/Application%20Support/iPhone%20Simulator/7.0.3/Applications/D6612F59-AFBB-4CAD-9AE1-D957625E90FA/Workshop.app/www/twitter.html
2014-02-21 19:26:39.727 Workshop[66945:a0b] Resetting plugins due to page load.
2014-02-21 19:26:39.741 Workshop[66945:a0b] Finished load of: file:///Users/rnahar/Library/Application%20Support/iPhone%20Simulator/7.0.3/Applications/D6612F59-AFBB-4CAD-9AE1-D957625E90FA/Workshop.app/www/index.html
2014-02-21 19:26:42.047 Workshop[66945:a0b] Resetting plugins due to page load.
2014-02-21 19:26:42.051 Workshop[66945:a0b] Finished load of: file:///Users/rnahar/Library/Application%20Support/iPhone%20Simulator/7.0.3/Applications/D6612F59-AFBB-4CAD-9AE1-D957625E90FA/Workshop.app/www/twitter.html
2014-02-21 19:31:56.910 Workshop[67148:a0b] Multi-tasking -> Device: YES, App: YES
2014-02-21 19:31:56.918 Workshop[67148:a0b] Unlimited access to network resources
2014-02-21 19:31:57.020 Workshop[67148:a0b] Resetting plugins due to page load.
2014-02-21 19:31:57.073 Workshop[67148:a0b] Finished load of: file:///Users/rnahar/Library/Application%20Support/iPhone%20Simulator/7.0.3/Applications/D6612F59-AFBB-4CAD-9AE1-D957625E90FA/Workshop.app/www/index.html
2014-02-21 19:32:03.064 Workshop[67148:a0b] Resetting plugins due to page load.
2014-02-21 19:32:03.070 Workshop[67148:a0b] Finished load of: file:///Users/rnahar/Library/Application%20Support/iPhone%20Simulator/7.0.3/Applications/D6612F59-AFBB-4CAD-9AE1-D957625E90FA/Workshop.app/www/twitter.html
2014-02-21 19:32:06.176 Workshop[67148:a0b] Resetting plugins due to page load.
2014-02-21 19:32:06.189 Workshop[67148:a0b] Finished load of: file:///Users/rnahar/Library/Application%20Support/iPhone%20Simulator/7.0.3/Applications/D6612F59-AFBB-4CAD-9AE1-D957625E90FA/Workshop.app/www/index.html
2014-02-21 19:32:23.791 Workshop[67300:a0b] Multi-tasking -> Device: YES, App: YES
2014-02-21 19:32:23.801 Workshop[67300:a0b] Unlimited access to network resources
2014-02-21 19:32:23.900 Workshop[67300:a0b] Resetting plugins due to page load.
2014-02-21 19:32:23.959 Workshop[67300:a0b] Finished load of: file:///Users/rnahar/Library/Application%20Support/iPhone%20Simulator/7.0.3/Applications/D6612F59-AFBB-4CAD-9AE1-D957625E90FA/Workshop.app/www/index.html
2014-02-21 19:32:48.638 Workshop[67300:a0b] Resetting plugins due to page load.
2014-02-21 19:32:48.645 Workshop[67300:a0b] Finished load of: file:///Users/rnahar/Library/Application%20Support/iPhone%20Simulator/7.0.3/Applications/D6612F59-AFBB-4CAD-9AE1-D957625E90FA/Workshop.app/www/twitter.html
2014-02-21 19:32:54.945 Workshop[67300:a0b] Resetting plugins due to page load.
2014-02-21 19:32:54.962 Workshop[67300:a0b] Finished load of: file:///Users/rnahar/Library/Application%20Support/iPhone%20Simulator/7.0.3/Applications/D6612F59-AFBB-4CAD-9AE1-D957625E90FA/Workshop.app/www/index.html
2014-02-21 19:32:56.831 Workshop[67300:a0b] Resetting plugins due to page load.
2014-02-21 19:32:56.835 Workshop[67300:a0b] Finished load of: file:///Users/rnahar/Library/Application%20Support/iPhone%20Simulator/7.0.3/Applications/D6612F59-AFBB-4CAD-9AE1-D957625E90FA/Workshop.app/www/twitter.html
2014-02-21 19:32:58.252 Workshop[67300:a0b] Resetting plugins due to page load.
2014-02-21 19:32:58.268 Workshop[67300:a0b] Finished load of: file:///Users/rnahar/Library/Application%20Support/iPhone%20Simulator/7.0.3/Applications/D6612F59-AFBB-4CAD-9AE1-D957625E90FA/Workshop.app/www/index.html
2014-02-21 19:34:53.389 Workshop[67472:a0b] Multi-tasking -> Device: YES, App: YES
2014-02-21 19:34:53.399 Workshop[67472:a0b] Unlimited access to network resources
2014-02-21 19:34:53.505 Workshop[67472:a0b] Resetting plugins due to page load.
2014-02-21 19:34:53.556 Workshop[67472:a0b] Finished load of: file:///Users/rnahar/Library/Application%20Support/iPhone%20Simulator/7.0.3/Applications/D6612F59-AFBB-4CAD-9AE1-D957625E90FA/Workshop.app/www/index.html
2014-02-21 19:37:21.435 Workshop[67472:a0b] Resetting plugins due to page load.
2014-02-21 19:37:21.444 Workshop[67472:a0b] Finished load of: file:///Users/rnahar/Library/Application%20Support/iPhone%20Simulator/7.0.3/Applications/D6612F59-AFBB-4CAD-9AE1-D957625E90FA/Workshop.app/www/twitter.html
2014-02-21 19:39:00.994 Workshop[67686:a0b] Multi-tasking -> Device: YES, App: YES
2014-02-21 19:39:01.004 Workshop[67686:a0b] Unlimited access to network resources
2014-02-21 19:39:01.105 Workshop[67686:a0b] Resetting plugins due to page load.
2014-02-21 19:39:01.163 Workshop[67686:a0b] Finished load of: file:///Users/rnahar/Library/Application%20Support/iPhone%20Simulator/7.0.3/Applications/D6612F59-AFBB-4CAD-9AE1-D957625E90FA/Workshop.app/www/index.html
2014-02-21 19:39:17.983 Workshop[67834:a0b] Multi-tasking -> Device: YES, App: YES
2014-02-21 19:39:17.994 Workshop[67834:a0b] Unlimited access to network resources
2014-02-21 19:39:18.135 Workshop[67834:a0b] Resetting plugins due to page load.
2014-02-21 19:39:18.211 Workshop[67834:a0b] Finished load of: file:///Users/rnahar/Library/Application%20Support/iPhone%20Simulator/7.0.3/Applications/D6612F59-AFBB-4CAD-9AE1-D957625E90FA/Workshop.app/www/index.html
2014-02-21 19:40:04.416 Workshop[67994:a0b] Multi-tasking -> Device: YES, App: YES
2014-02-21 19:40:04.424 Workshop[67994:a0b] Unlimited access to network resources
2014-02-21 19:40:04.531 Workshop[67994:a0b] Resetting plugins due to page load.
2014-02-21 19:40:04.589 Workshop[67994:a0b] Finished load of: file:///Users/rnahar/Library/Application%20Support/iPhone%20Simulator/7.0.3/Applications/D6612F59-AFBB-4CAD-9AE1-D957625E90FA/Workshop.app/www/index.html
2014-02-21 19:40:18.600 Workshop[68143:a0b] Multi-tasking -> Device: YES, App: YES
2014-02-21 19:40:18.611 Workshop[68143:a0b] Unlimited access to network resources
2014-02-21 19:40:18.736 Workshop[68143:a0b] Resetting plugins due to page load.
2014-02-21 19:40:18.819 Workshop[68143:a0b] Finished load of: file:///Users/rnahar/Library/Application%20Support/iPhone%20Simulator/7.0.3/Applications/D6612F59-AFBB-4CAD-9AE1-D957625E90FA/Workshop.app/www/index.html
2014-02-21 19:41:10.482 Workshop[68304:a0b] Multi-tasking -> Device: YES, App: YES
2014-02-21 19:41:10.492 Workshop[68304:a0b] Unlimited access to network resources
2014-02-21 19:41:10.602 Workshop[68304:a0b] Resetting plugins due to page load.
2014-02-21 19:41:10.656 Workshop[68304:a0b] Finished load of: file:///Users/rnahar/Library/Application%20Support/iPhone%20Simulator/7.0.3/Applications/D6612F59-AFBB-4CAD-9AE1-D957625E90FA/Workshop.app/www/index.html
2014-02-21 19:42:06.864 Workshop[68461:a0b] Multi-tasking -> Device: YES, App: YES
2014-02-21 19:42:06.874 Workshop[68461:a0b] Unlimited access to network resources
2014-02-21 19:42:06.993 Workshop[68461:a0b] Resetting plugins due to page load.
2014-02-21 19:42:07.050 Workshop[68461:a0b] Finished load of: file:///Users/rnahar/Library/Application%20Support/iPhone%20Simulator/7.0.3/Applications/D6612F59-AFBB-4CAD-9AE1-D957625E90FA/Workshop.app/www/index.html
2014-02-21 19:43:30.022 Workshop[68621:a0b] Multi-tasking -> Device: YES, App: YES
2014-02-21 19:43:30.033 Workshop[68621:a0b] Unlimited access to network resources
2014-02-21 19:43:30.170 Workshop[68621:a0b] Resetting plugins due to page load.
2014-02-21 19:43:30.244 Workshop[68621:a0b] Finished load of: file:///Users/rnahar/Library/Application%20Support/iPhone%20Simulator/7.0.3/Applications/D6612F59-AFBB-4CAD-9AE1-D957625E90FA/Workshop.app/www/index.html
2014-02-21 19:43:33.814 Workshop[68621:a0b] Resetting plugins due to page load.
2014-02-21 19:43:33.821 Workshop[68621:a0b] Finished load of: file:///Users/rnahar/Library/Application%20Support/iPhone%20Simulator/7.0.3/Applications/D6612F59-AFBB-4CAD-9AE1-D957625E90FA/Workshop.app/www/twitter.html
2014-02-21 19:43:36.126 Workshop[68621:a0b] Resetting plugins due to page load.
2014-02-21 19:43:36.142 Workshop[68621:a0b] Finished load of: file:///Users/rnahar/Library/Application%20Support/iPhone%20Simulator/7.0.3/Applications/D6612F59-AFBB-4CAD-9AE1-D957625E90FA/Workshop.app/www/index.html
2014-02-21 19:44:06.692 Workshop[68776:a0b] Multi-tasking -> Device: YES, App: YES
2014-02-21 19:44:06.704 Workshop[68776:a0b] Unlimited access to network resources
2014-02-21 19:44:06.841 Workshop[68776:a0b] Resetting plugins due to page load.
2014-02-21 19:44:06.918 Workshop[68776:a0b] Finished load of: file:///Users/rnahar/Library/Application%20Support/iPhone%20Simulator/7.0.3/Applications/D6612F59-AFBB-4CAD-9AE1-D957625E90FA/Workshop.app/www/index.html
2014-02-21 19:44:17.843 Workshop[68776:a0b] Resetting plugins due to page load.
2014-02-21 19:44:17.851 Workshop[68776:a0b] Finished load of: file:///Users/rnahar/Library/Application%20Support/iPhone%20Simulator/7.0.3/Applications/D6612F59-AFBB-4CAD-9AE1-D957625E90FA/Workshop.app/www/twitter.html
2014-02-21 19:44:46.242 Workshop[68931:a0b] Multi-tasking -> Device: YES, App: YES
2014-02-21 19:44:46.253 Workshop[68931:a0b] Unlimited access to network resources
2014-02-21 19:44:46.360 Workshop[68931:a0b] Resetting plugins due to page load.
2014-02-21 19:44:46.416 Workshop[68931:a0b] Finished load of: file:///Users/rnahar/Library/Application%20Support/iPhone%20Simulator/7.0.3/Applications/D6612F59-AFBB-4CAD-9AE1-D957625E90FA/Workshop.app/www/index.html
2014-02-21 19:44:48.912 Workshop[68931:a0b] Resetting plugins due to page load.
2014-02-21 19:44:48.918 Workshop[68931:a0b] Finished load of: file:///Users/rnahar/Library/Application%20Support/iPhone%20Simulator/7.0.3/Applications/D6612F59-AFBB-4CAD-9AE1-D957625E90FA/Workshop.app/www/twitter.html
2014-02-21 19:45:58.245 Workshop[68931:a0b] Resetting plugins due to page load.
2014-02-21 19:45:58.261 Workshop[68931:a0b] Finished load of: file:///Users/rnahar/Library/Application%20Support/iPhone%20Simulator/7.0.3/Applications/D6612F59-AFBB-4CAD-9AE1-D957625E90FA/Workshop.app/www/index.html
